<?xml version="1.0" encoding="UTF-8"?>
<coverage generated="1774535900158" clover="3.2.0">
  <project timestamp="1774535900158" name="All files">
    <metrics statements="40" coveredstatements="40" conditionals="32" coveredconditionals="32" methods="9" coveredmethods="9" elements="81" coveredelements="81" complexity="0" loc="40" ncloc="40" packages="1" files="1" classes="1"/>
    <file name="react_submit_button.tsx" path="/Users/kay/Desktop/stellar-raise-contracts/frontend/components/react_submit_button.tsx">
      <metrics statements="40" coveredstatements="40" conditionals="32" coveredconditionals="32" methods="9" coveredmethods="9"/>
      <line num="1" count="1" type="stmt"/>
      <line num="49" count="1" type="stmt"/>
      <line num="57" count="1" type="stmt"/>
      <line num="58" count="1" type="stmt"/>
      <line num="60" count="1" type="stmt"/>
      <line num="68" count="1" type="stmt"/>
      <line num="81" count="1" type="stmt"/>
      <line num="95" count="1" type="stmt"/>
      <line num="96" count="63" type="cond" truecount="2" falsecount="0"/>
      <line num="97" count="23" type="stmt"/>
      <line num="98" count="23" type="cond" truecount="2" falsecount="0"/>
      <line num="99" count="17" type="cond" truecount="2" falsecount="0"/>
      <line num="100" count="2" type="stmt"/>
      <line num="108" count="1" type="stmt"/>
      <line num="112" count="47" type="stmt"/>
      <line num="119" count="1" type="stmt"/>
      <line num="123" count="29" type="cond" truecount="2" falsecount="0"/>
      <line num="124" count="24" type="stmt"/>
      <line num="133" count="1" type="stmt"/>
      <line num="138" count="36" type="cond" truecount="4" falsecount="0"/>
      <line num="139" count="6" type="cond" truecount="2" falsecount="0"/>
      <line num="146" count="1" type="stmt"/>
      <line num="151" count="41" type="cond" truecount="4" falsecount="0"/>
      <line num="157" count="1" type="stmt"/>
      <line num="161" count="38" type="cond" truecount="2" falsecount="0"/>
      <line num="170" count="1" type="stmt"/>
      <line num="181" count="31" type="stmt"/>
      <line num="183" count="31" type="stmt"/>
      <line num="184" count="27" type="stmt"/>
      <line num="188" count="31" type="stmt"/>
      <line num="189" count="31" type="stmt"/>
      <line num="190" count="31" type="stmt"/>
      <line num="192" count="31" type="stmt"/>
      <line num="193" count="3" type="cond" truecount="4" falsecount="0"/>
      <line num="194" count="2" type="stmt"/>
      <line num="195" count="2" type="stmt"/>
      <line num="196" count="2" type="stmt"/>
      <line num="202" count="2" type="stmt"/>
      <line num="206" count="31" type="stmt"/>
      <line num="223" count="1" type="stmt"/>
    </file>
  </project>
</coverage>
