{"/Users/kay/Desktop/stellar-raise-contracts/frontend/components/react_submit_button.tsx": {"path":"/Users/kay/Desktop/stellar-raise-contracts/frontend/components/react_submit_button.tsx","statementMap":{"0":{"start":{"line":95,"column":0},"end":{"line":95,"column":16}},"1":{"start":{"line":108,"column":0},"end":{"line":108,"column":16}},"2":{"start":{"line":119,"column":0},"end":{"line":119,"column":16}},"3":{"start":{"line":133,"column":0},"end":{"line":133,"column":16}},"4":{"start":{"line":146,"column":0},"end":{"line":146,"column":16}},"5":{"start":{"line":157,"column":0},"end":{"line":157,"column":16}},"6":{"start":{"line":1,"column":0},"end":{"line":1,"column":49}},"7":{"start":{"line":49,"column":53},"end":{"line":55,"column":2}},"8":{"start":{"line":57,"column":25},"end":{"line":57,"column":27}},"9":{"start":{"line":58,"column":32},"end":{"line":58,"column":56}},"10":{"start":{"line":60,"column":82},"end":{"line":66,"column":2}},"11":{"start":{"line":68,"column":40},"end":{"line":79,"column":2}},"12":{"start":{"line":81,"column":72},"end":{"line":87,"column":2}},"13":{"start":{"line":96,"column":2},"end":{"line":96,"column":53}},"14":{"start":{"line":96,"column":37},"end":{"line":96,"column":53}},"15":{"start":{"line":97,"column":18},"end":{"line":97,"column":93}},"16":{"start":{"line":98,"column":2},"end":{"line":98,"column":32}},"17":{"start":{"line":98,"column":16},"end":{"line":98,"column":32}},"18":{"start":{"line":99,"column":2},"end":{"line":99,"column":57}},"19":{"start":{"line":99,"column":42},"end":{"line":99,"column":57}},"20":{"start":{"line":100,"column":2},"end":{"line":100,"column":56}},"21":{"start":{"line":112,"column":2},"end":{"line":112,"column":76}},"22":{"start":{"line":123,"column":2},"end":{"line":123,"column":47}},"23":{"start":{"line":123,"column":35},"end":{"line":123,"column":47}},"24":{"start":{"line":124,"column":2},"end":{"line":124,"column":70}},"25":{"start":{"line":138,"column":2},"end":{"line":138,"column":57}},"26":{"start":{"line":138,"column":44},"end":{"line":138,"column":57}},"27":{"start":{"line":139,"column":2},"end":{"line":139,"column":90}},"28":{"start":{"line":151,"column":2},"end":{"line":151,"column":100}},"29":{"start":{"line":161,"column":2},"end":{"line":161,"column":55}},"30":{"start":{"line":170,"column":26},"end":{"line":221,"column":1}},"31":{"start":{"line":181,"column":56},"end":{"line":181,"column":71}},"32":{"start":{"line":183,"column":24},"end":{"line":185,"column":null}},"33":{"start":{"line":184,"column":10},"end":{"line":184,"column":79}},"34":{"start":{"line":188,"column":16},"end":{"line":188,"column":63}},"35":{"start":{"line":189,"column":27},"end":{"line":189,"column":105}},"36":{"start":{"line":190,"column":19},"end":{"line":190,"column":73}},"37":{"start":{"line":192,"column":22},"end":{"line":204,"column":3}},"38":{"start":{"line":193,"column":4},"end":{"line":193,"column":45}},"39":{"start":{"line":193,"column":38},"end":{"line":193,"column":45}},"40":{"start":{"line":194,"column":4},"end":{"line":194,"column":33}},"41":{"start":{"line":195,"column":4},"end":{"line":203,"column":5}},"42":{"start":{"line":196,"column":6},"end":{"line":196,"column":44}},"43":{"start":{"line":202,"column":6},"end":{"line":202,"column":36}},"44":{"start":{"line":206,"column":2},"end":{"line":220,"column":4}},"45":{"start":{"line":223,"column":0},"end":{"line":223,"column":33}}},"fnMap":{"0":{"name":"normalizeSubmitButtonLabel","decl":{"start":{"line":95,"column":16},"end":{"line":95,"column":42}},"loc":{"start":{"line":95,"column":79},"end":{"line":101,"column":1}}},"1":{"name":"resolveSubmitButtonLabel","decl":{"start":{"line":108,"column":16},"end":{"line":108,"column":40}},"loc":{"start":{"line":110,"column":29},"end":{"line":113,"column":1}}},"2":{"name":"isValidSubmitButtonStateTransition","decl":{"start":{"line":119,"column":16},"end":{"line":119,"column":50}},"loc":{"start":{"line":121,"column":30},"end":{"line":125,"column":1}}},"3":{"name":"resolveSafeSubmitButtonState","decl":{"start":{"line":133,"column":16},"end":{"line":133,"column":44}},"loc":{"start":{"line":136,"column":26},"end":{"line":140,"column":1}}},"4":{"name":"isSubmitButtonInteractionBlocked","decl":{"start":{"line":146,"column":16},"end":{"line":146,"column":48}},"loc":{"start":{"line":149,"column":29},"end":{"line":152,"column":1}}},"5":{"name":"isSubmitButtonBusy","decl":{"start":{"line":157,"column":16},"end":{"line":157,"column":34}},"loc":{"start":{"line":159,"column":29},"end":{"line":162,"column":1}}},"6":{"name":"(anonymous_15)","decl":{"start":{"line":170,"column":26},"end":{"line":170,"column":27}},"loc":{"start":{"line":180,"column":29},"end":{"line":221,"column":1}}},"7":{"name":"(anonymous_16)","decl":{"start":{"line":184,"column":4},"end":{"line":184,"column":7}},"loc":{"start":{"line":184,"column":10},"end":{"line":184,"column":79}}},"8":{"name":"(anonymous_17)","decl":{"start":{"line":192,"column":22},"end":{"line":192,"column":27}},"loc":{"start":{"line":192,"column":75},"end":{"line":204,"column":3}}}},"branchMap":{"0":{"loc":{"start":{"line":96,"column":2},"end":{"line":96,"column":53}},"type":"if","locations":[{"start":{"line":96,"column":2},"end":{"line":96,"column":53}},{"start":{},"end":{}}]},"1":{"loc":{"start":{"line":98,"column":2},"end":{"line":98,"column":32}},"type":"if","locations":[{"start":{"line":98,"column":2},"end":{"line":98,"column":32}},{"start":{},"end":{}}]},"2":{"loc":{"start":{"line":99,"column":2},"end":{"line":99,"column":57}},"type":"if","locations":[{"start":{"line":99,"column":2},"end":{"line":99,"column":57}},{"start":{},"end":{}}]},"3":{"loc":{"start":{"line":123,"column":2},"end":{"line":123,"column":47}},"type":"if","locations":[{"start":{"line":123,"column":2},"end":{"line":123,"column":47}},{"start":{},"end":{}}]},"4":{"loc":{"start":{"line":136,"column":2},"end":{"line":136,"column":26}},"type":"default-arg","locations":[{"start":{"line":136,"column":22},"end":{"line":136,"column":26}}]},"5":{"loc":{"start":{"line":138,"column":2},"end":{"line":138,"column":57}},"type":"if","locations":[{"start":{"line":138,"column":2},"end":{"line":138,"column":57}},{"start":{},"end":{}}]},"6":{"loc":{"start":{"line":138,"column":6},"end":{"line":138,"column":42}},"type":"binary-expr","locations":[{"start":{"line":138,"column":6},"end":{"line":138,"column":24}},{"start":{"line":138,"column":28},"end":{"line":138,"column":42}}]},"7":{"loc":{"start":{"line":139,"column":9},"end":{"line":139,"column":89}},"type":"cond-expr","locations":[{"start":{"line":139,"column":68},"end":{"line":139,"column":73}},{"start":{"line":139,"column":76},"end":{"line":139,"column":89}}]},"8":{"loc":{"start":{"line":148,"column":2},"end":{"line":148,"column":18}},"type":"default-arg","locations":[{"start":{"line":148,"column":13},"end":{"line":148,"column":18}}]},"9":{"loc":{"start":{"line":149,"column":2},"end":{"line":149,"column":29}},"type":"default-arg","locations":[{"start":{"line":149,"column":24},"end":{"line":149,"column":29}}]},"10":{"loc":{"start":{"line":151,"column":9},"end":{"line":151,"column":99}},"type":"binary-expr","locations":[{"start":{"line":151,"column":9},"end":{"line":151,"column":26}},{"start":{"line":151,"column":30},"end":{"line":151,"column":50}},{"start":{"line":151,"column":54},"end":{"line":151,"column":76}},{"start":{"line":151,"column":80},"end":{"line":151,"column":99}}]},"11":{"loc":{"start":{"line":159,"column":2},"end":{"line":159,"column":29}},"type":"default-arg","locations":[{"start":{"line":159,"column":24},"end":{"line":159,"column":29}}]},"12":{"loc":{"start":{"line":161,"column":9},"end":{"line":161,"column":54}},"type":"binary-expr","locations":[{"start":{"line":161,"column":9},"end":{"line":161,"column":31}},{"start":{"line":161,"column":35},"end":{"line":161,"column":54}}]},"13":{"loc":{"start":{"line":173,"column":2},"end":{"line":173,"column":26}},"type":"default-arg","locations":[{"start":{"line":173,"column":22},"end":{"line":173,"column":26}}]},"14":{"loc":{"start":{"line":178,"column":2},"end":{"line":178,"column":17}},"type":"default-arg","locations":[{"start":{"line":178,"column":9},"end":{"line":178,"column":17}}]},"15":{"loc":{"start":{"line":193,"column":4},"end":{"line":193,"column":45}},"type":"if","locations":[{"start":{"line":193,"column":4},"end":{"line":193,"column":45}},{"start":{},"end":{}}]},"16":{"loc":{"start":{"line":193,"column":8},"end":{"line":193,"column":36}},"type":"binary-expr","locations":[{"start":{"line":193,"column":8},"end":{"line":193,"column":24}},{"start":{"line":193,"column":28},"end":{"line":193,"column":36}}]},"17":{"loc":{"start":{"line":215,"column":15},"end":{"line":215,"column":57}},"type":"cond-expr","locations":[{"start":{"line":215,"column":34},"end":{"line":215,"column":43}},{"start":{"line":215,"column":46},"end":{"line":215,"column":57}}]}},"s":{"0":1,"1":1,"2":1,"3":1,"4":1,"5":1,"6":1,"7":1,"8":1,"9":1,"10":1,"11":1,"12":1,"13":63,"14":40,"15":23,"16":23,"17":6,"18":17,"19":15,"20":2,"21":47,"22":29,"23":5,"24":24,"25":36,"26":30,"27":6,"28":41,"29":38,"30":1,"31":31,"32":31,"33":27,"34":31,"35":31,"36":31,"37":31,"38":3,"39":1,"40":2,"41":2,"42":2,"43":2,"44":31,"45":1},"f":{"0":63,"1":47,"2":29,"3":36,"4":41,"5":38,"6":31,"7":27,"8":3},"b":{"0":[40,23],"1":[6,17],"2":[15,2],"3":[5,24],"4":[1],"5":[30,6],"6":[36,33],"7":[2,4],"8":[31],"9":[5],"10":[41,36,32,27],"11":[1],"12":[38,33],"13":[29],"14":[30],"15":[1,2],"16":[3,3],"17":[11,20]}}
}
