TN:
SF:frontend/components/react_submit_button.tsx
FN:95,normalizeSubmitButtonLabel
FN:108,resolveSubmitButtonLabel
FN:119,isValidSubmitButtonStateTransition
FN:133,resolveSafeSubmitButtonState
FN:146,isSubmitButtonInteractionBlocked
FN:157,isSubmitButtonBusy
FN:170,(anonymous_15)
FN:184,(anonymous_16)
FN:192,(anonymous_17)
FNF:9
FNH:9
FNDA:63,normalizeSubmitButtonLabel
FNDA:47,resolveSubmitButtonLabel
FNDA:29,isValidSubmitButtonStateTransition
FNDA:36,resolveSafeSubmitButtonState
FNDA:41,isSubmitButtonInteractionBlocked
FNDA:38,isSubmitButtonBusy
FNDA:31,(anonymous_15)
FNDA:27,(anonymous_16)
FNDA:3,(anonymous_17)
DA:1,1
DA:49,1
DA:57,1
DA:58,1
DA:60,1
DA:68,1
DA:81,1
DA:95,1
DA:96,63
DA:97,23
DA:98,23
DA:99,17
DA:100,2
DA:108,1
DA:112,47
DA:119,1
DA:123,29
DA:124,24
DA:133,1
DA:138,36
DA:139,6
DA:146,1
DA:151,41
DA:157,1
DA:161,38
DA:170,1
DA:181,31
DA:183,31
DA:184,27
DA:188,31
DA:189,31
DA:190,31
DA:192,31
DA:193,3
DA:194,2
DA:195,2
DA:196,2
DA:202,2
DA:206,31
DA:223,1
LF:40
LH:40
BRDA:96,0,0,40
BRDA:96,0,1,23
BRDA:98,1,0,6
BRDA:98,1,1,17
BRDA:99,2,0,15
BRDA:99,2,1,2
BRDA:123,3,0,5
BRDA:123,3,1,24
BRDA:136,4,0,1
BRDA:138,5,0,30
BRDA:138,5,1,6
BRDA:138,6,0,36
BRDA:138,6,1,33
BRDA:139,7,0,2
BRDA:139,7,1,4
BRDA:148,8,0,31
BRDA:149,9,0,5
BRDA:151,10,0,41
BRDA:151,10,1,36
BRDA:151,10,2,32
BRDA:151,10,3,27
BRDA:159,11,0,1
BRDA:161,12,0,38
BRDA:161,12,1,33
BRDA:173,13,0,29
BRDA:178,14,0,30
BRDA:193,15,0,1
BRDA:193,15,1,2
BRDA:193,16,0,3
BRDA:193,16,1,3
BRDA:215,17,0,11
BRDA:215,17,1,20
BRF:32
BRH:32
end_of_record
